DEBUG 2026-07-14 09:16:20,273 schema 163632 133621308559488 CREATE TABLE "django_migrations" ("id" integer NOT NULL PRIMARY KEY AUTOINCREMENT, "app" varchar(255) NOT NULL, "name" varchar(255) NOT NULL, "applied" datetime NOT NULL); (params None)
DEBUG 2026-07-14 09:16:20,274 schema 163632 133621308559488 CREATE TABLE "django_content_type" ("id" integer NOT NULL PRIMARY KEY AUTOINCREMENT, "name" varchar(100) NOT NULL, "app_label" varchar(100) NOT NULL, "model" varchar(100) NOT NULL); (params None)
DEBUG 2026-07-14 09:16:20,275 schema 163632 133621308559488 CREATE UNIQUE INDEX "django_content_type_app_label_model_76bd3d3b_uniq" ON "django_content_type" ("app_label", "model"); (params ())
DEBUG 2026-07-14 09:16:20,277 schema 163632 133621308559488 CREATE TABLE "auth_permission" ("id" integer NOT NULL PRIMARY KEY AUTOINCREMENT, "name" varchar(50) NOT NULL, "content_type_id" integer NOT NULL REFERENCES "django_content_type" ("id") DEFERRABLE INITIALLY DEFERRED, "codename" varchar(100) NOT NULL); (params None)
DEBUG 2026-07-14 09:16:20,278 schema 163632 133621308559488 CREATE TABLE "auth_group" ("id" integer NOT NULL PRIMARY KEY AUTOINCREMENT, "name" varchar(80) NOT NULL UNIQUE); (params None)
DEBUG 2026-07-14 09:16:20,278 schema 163632 133621308559488 CREATE TABLE "auth_group_permissions" ("id" integer NOT NULL PRIMARY KEY AUTOINCREMENT, "group_id" integer NOT NULL REFERENCES "auth_group" ("id") DEFERRABLE INITIALLY DEFERRED, "permission_id" integer NOT NULL REFERENCES "auth_permission" ("id") DEFERRABLE INITIALLY DEFERRED); (params None)
DEBUG 2026-07-14 09:16:20,281 schema 163632 133621308559488 CREATE TABLE "auth_user" ("id" integer NOT NULL PRIMARY KEY AUTOINCREMENT, "password" varchar(128) NOT NULL, "last_login" datetime NOT NULL, "is_superuser" bool NOT NULL, "username" varchar(30) NOT NULL UNIQUE, "first_name" varchar(30) NOT NULL, "last_name" varchar(30) NOT NULL, "email" varchar(75) NOT NULL, "is_staff" bool NOT NULL, "is_active" bool NOT NULL, "date_joined" datetime NOT NULL); (params None)
DEBUG 2026-07-14 09:16:20,281 schema 163632 133621308559488 CREATE TABLE "auth_user_groups" ("id" integer NOT NULL PRIMARY KEY AUTOINCREMENT, "user_id" integer NOT NULL REFERENCES "auth_user" ("id") DEFERRABLE INITIALLY DEFERRED, "group_id" integer NOT NULL REFERENCES "auth_group" ("id") DEFERRABLE INITIALLY DEFERRED); (params None)
DEBUG 2026-07-14 09:16:20,281 schema 163632 133621308559488 CREATE TABLE "auth_user_user_permissions" ("id" integer NOT NULL PRIMARY KEY AUTOINCREMENT, "user_id" integer NOT NULL REFERENCES "auth_user" ("id") DEFERRABLE INITIALLY DEFERRED, "permission_id" integer NOT NULL REFERENCES "auth_permission" ("id") DEFERRABLE INITIALLY DEFERRED); (params None)
DEBUG 2026-07-14 09:16:20,281 schema 163632 133621308559488 CREATE UNIQUE INDEX "auth_permission_content_type_id_codename_01ab375a_uniq" ON "auth_permission" ("content_type_id", "codename"); (params ())
DEBUG 2026-07-14 09:16:20,281 schema 163632 133621308559488 CREATE INDEX "auth_permission_content_type_id_2f476e4b" ON "auth_permission" ("content_type_id"); (params ())
DEBUG 2026-07-14 09:16:20,282 schema 163632 133621308559488 CREATE UNIQUE INDEX "auth_group_permissions_group_id_permission_id_0cd325b0_uniq" ON "auth_group_permissions" ("group_id", "permission_id"); (params ())
DEBUG 2026-07-14 09:16:20,282 schema 163632 133621308559488 CREATE INDEX "auth_group_permissions_group_id_b120cbf9" ON "auth_group_permissions" ("group_id"); (params ())
DEBUG 2026-07-14 09:16:20,282 schema 163632 133621308559488 CREATE INDEX "auth_group_permissions_permission_id_84c5c92e" ON "auth_group_permissions" ("permission_id"); (params ())
DEBUG 2026-07-14 09:16:20,282 schema 163632 133621308559488 CREATE UNIQUE INDEX "auth_user_groups_user_id_group_id_94350c0c_uniq" ON "auth_user_groups" ("user_id", "group_id"); (params ())
DEBUG 2026-07-14 09:16:20,282 schema 163632 133621308559488 CREATE INDEX "auth_user_groups_user_id_6a12ed8b" ON "auth_user_groups" ("user_id"); (params ())
DEBUG 2026-07-14 09:16:20,282 schema 163632 133621308559488 CREATE INDEX "auth_user_groups_group_id_97559544" ON "auth_user_groups" ("group_id"); (params ())
DEBUG 2026-07-14 09:16:20,282 schema 163632 133621308559488 CREATE UNIQUE INDEX "auth_user_user_permissions_user_id_permission_id_14a6b632_uniq" ON "auth_user_user_permissions" ("user_id", "permission_id"); (params ())
DEBUG 2026-07-14 09:16:20,282 schema 163632 133621308559488 CREATE INDEX "auth_user_user_permissions_user_id_a95ead1b" ON "auth_user_user_permissions" ("user_id"); (params ())
DEBUG 2026-07-14 09:16:20,282 schema 163632 133621308559488 CREATE INDEX "auth_user_user_permissions_permission_id_1fbb5f2c" ON "auth_user_user_permissions" ("permission_id"); (params ())
DEBUG 2026-07-14 09:16:20,285 schema 163632 133621308559488 CREATE TABLE "django_admin_log" ("id" integer NOT NULL PRIMARY KEY AUTOINCREMENT, "action_time" datetime NOT NULL, "object_id" text NULL, "object_repr" varchar(200) NOT NULL, "action_flag" smallint unsigned NOT NULL CHECK ("action_flag" >= 0), "change_message" text NOT NULL, "content_type_id" integer NULL REFERENCES "django_content_type" ("id") DEFERRABLE INITIALLY DEFERRED, "user_id" integer NOT NULL REFERENCES "auth_user" ("id") DEFERRABLE INITIALLY DEFERRED); (params None)
DEBUG 2026-07-14 09:16:20,286 schema 163632 133621308559488 CREATE INDEX "django_admin_log_content_type_id_c4bce8eb" ON "django_admin_log" ("content_type_id"); (params ())
DEBUG 2026-07-14 09:16:20,286 schema 163632 133621308559488 CREATE INDEX "django_admin_log_user_id_c564eba6" ON "django_admin_log" ("user_id"); (params ())
DEBUG 2026-07-14 09:16:20,289 schema 163632 133621308559488 CREATE TABLE "new__django_admin_log" ("id" integer NOT NULL PRIMARY KEY AUTOINCREMENT, "object_id" text NULL, "object_repr" varchar(200) NOT NULL, "action_flag" smallint unsigned NOT NULL CHECK ("action_flag" >= 0), "change_message" text NOT NULL, "content_type_id" integer NULL REFERENCES "django_content_type" ("id") DEFERRABLE INITIALLY DEFERRED, "user_id" integer NOT NULL REFERENCES "auth_user" ("id") DEFERRABLE INITIALLY DEFERRED, "action_time" datetime NOT NULL); (params None)
DEBUG 2026-07-14 09:16:20,289 schema 163632 133621308559488 INSERT INTO "new__django_admin_log" ("id", "object_id", "object_repr", "action_flag", "change_message", "content_type_id", "user_id", "action_time") SELECT "id", "object_id", "object_repr", "action_flag", "change_message", "content_type_id", "user_id", "action_time" FROM "django_admin_log"; (params ())
DEBUG 2026-07-14 09:16:20,289 schema 163632 133621308559488 DROP TABLE "django_admin_log"; (params ())
DEBUG 2026-07-14 09:16:20,290 schema 163632 133621308559488 ALTER TABLE "new__django_admin_log" RENAME TO "django_admin_log"; (params ())
DEBUG 2026-07-14 09:16:20,290 schema 163632 133621308559488 CREATE INDEX "django_admin_log_content_type_id_c4bce8eb" ON "django_admin_log" ("content_type_id"); (params ())
DEBUG 2026-07-14 09:16:20,290 schema 163632 133621308559488 CREATE INDEX "django_admin_log_user_id_c564eba6" ON "django_admin_log" ("user_id"); (params ())
DEBUG 2026-07-14 09:16:20,296 schema 163632 133621308559488 CREATE TABLE "analyzer_app" ("id" integer NOT NULL PRIMARY KEY AUTOINCREMENT, "name" varchar(255) NOT NULL, "apk_file_path" varchar(100) NOT NULL, "created_at" datetime NOT NULL, "updated_at" datetime NOT NULL, "uploaded_by_id" integer NOT NULL REFERENCES "auth_user" ("id") DEFERRABLE INITIALLY DEFERRED); (params None)
DEBUG 2026-07-14 09:16:20,296 schema 163632 133621308559488 CREATE INDEX "analyzer_app_uploaded_by_id_91306172" ON "analyzer_app" ("uploaded_by_id"); (params ())
DEBUG 2026-07-14 09:16:20,300 schema 163632 133621308559488 CREATE TABLE "new__analyzer_app" ("id" integer NOT NULL PRIMARY KEY AUTOINCREMENT, "name" varchar(255) NOT NULL, "created_at" datetime NOT NULL, "updated_at" datetime NOT NULL, "uploaded_by_id" integer NOT NULL REFERENCES "auth_user" ("id") DEFERRABLE INITIALLY DEFERRED, "apk_file_path" varchar(100) NULL); (params None)
DEBUG 2026-07-14 09:16:20,301 schema 163632 133621308559488 INSERT INTO "new__analyzer_app" ("id", "name", "created_at", "updated_at", "uploaded_by_id", "apk_file_path") SELECT "id", "name", "created_at", "updated_at", "uploaded_by_id", "apk_file_path" FROM "analyzer_app"; (params ())
DEBUG 2026-07-14 09:16:20,301 schema 163632 133621308559488 DROP TABLE "analyzer_app"; (params ())
DEBUG 2026-07-14 09:16:20,301 schema 163632 133621308559488 ALTER TABLE "new__analyzer_app" RENAME TO "analyzer_app"; (params ())
DEBUG 2026-07-14 09:16:20,301 schema 163632 133621308559488 CREATE INDEX "analyzer_app_uploaded_by_id_91306172" ON "analyzer_app" ("uploaded_by_id"); (params ())
DEBUG 2026-07-14 09:16:20,306 schema 163632 133621308559488 CREATE TABLE "new__analyzer_app" ("id" integer NOT NULL PRIMARY KEY AUTOINCREMENT, "apk_file_path" varchar(100) NULL, "created_at" datetime NOT NULL, "updated_at" datetime NOT NULL, "uploaded_by_id" integer NOT NULL REFERENCES "auth_user" ("id") DEFERRABLE INITIALLY DEFERRED, "name" varchar(100) NOT NULL); (params None)
DEBUG 2026-07-14 09:16:20,306 schema 163632 133621308559488 INSERT INTO "new__analyzer_app" ("id", "apk_file_path", "created_at", "updated_at", "uploaded_by_id", "name") SELECT "id", "apk_file_path", "created_at", "updated_at", "uploaded_by_id", "name" FROM "analyzer_app"; (params ())
DEBUG 2026-07-14 09:16:20,306 schema 163632 133621308559488 DROP TABLE "analyzer_app"; (params ())
DEBUG 2026-07-14 09:16:20,306 schema 163632 133621308559488 ALTER TABLE "new__analyzer_app" RENAME TO "analyzer_app"; (params ())
DEBUG 2026-07-14 09:16:20,307 schema 163632 133621308559488 CREATE INDEX "analyzer_app_uploaded_by_id_91306172" ON "analyzer_app" ("uploaded_by_id"); (params ())
DEBUG 2026-07-14 09:16:20,310 schema 163632 133621308559488 ALTER TABLE "analyzer_app" ADD COLUMN "first_screen_screenshot_path" varchar(100) NULL; (params [])
DEBUG 2026-07-14 09:16:20,313 schema 163632 133621308559488 CREATE TABLE "new__analyzer_app" ("id" integer NOT NULL PRIMARY KEY AUTOINCREMENT, "name" varchar(100) NOT NULL, "apk_file_path" varchar(100) NULL, "created_at" datetime NOT NULL, "updated_at" datetime NOT NULL, "uploaded_by_id" integer NOT NULL REFERENCES "auth_user" ("id") DEFERRABLE INITIALLY DEFERRED, "first_screen_screenshot_path" varchar(100) NULL, "screen_changed" bool NOT NULL); (params None)
DEBUG 2026-07-14 09:16:20,313 schema 163632 133621308559488 INSERT INTO "new__analyzer_app" ("id", "name", "apk_file_path", "created_at", "updated_at", "uploaded_by_id", "first_screen_screenshot_path", "screen_changed") SELECT "id", "name", "apk_file_path", "created_at", "updated_at", "uploaded_by_id", "first_screen_screenshot_path", 0 FROM "analyzer_app"; (params ())
DEBUG 2026-07-14 09:16:20,313 schema 163632 133621308559488 DROP TABLE "analyzer_app"; (params ())
DEBUG 2026-07-14 09:16:20,314 schema 163632 133621308559488 ALTER TABLE "new__analyzer_app" RENAME TO "analyzer_app"; (params ())
DEBUG 2026-07-14 09:16:20,314 schema 163632 133621308559488 CREATE INDEX "analyzer_app_uploaded_by_id_91306172" ON "analyzer_app" ("uploaded_by_id"); (params ())
DEBUG 2026-07-14 09:16:20,317 schema 163632 133621308559488 ALTER TABLE "analyzer_app" ADD COLUMN "second_screen_screenshot_path" varchar(100) NULL; (params [])
DEBUG 2026-07-14 09:16:20,320 schema 163632 133621308559488 ALTER TABLE "analyzer_app" ADD COLUMN "ui_hierarchy" text NULL; (params [])
DEBUG 2026-07-14 09:16:20,322 schema 163632 133621308559488 ALTER TABLE "analyzer_app" ADD COLUMN "video_recording_path" varchar(100) NULL; (params [])
DEBUG 2026-07-14 09:16:20,326 schema 163632 133621308559488 CREATE TABLE "analyzer_appiumtestresult" ("id" integer NOT NULL PRIMARY KEY AUTOINCREMENT, "ui_hierarchy" text NOT NULL, "screen_changed" bool NOT NULL, "initial_screenshot" varchar(100) NOT NULL, "subsequent_screenshot" varchar(100) NOT NULL, "created_at" datetime NOT NULL, "app_id" bigint NOT NULL REFERENCES "analyzer_app" ("id") DEFERRABLE INITIALLY DEFERRED); (params None)
DEBUG 2026-07-14 09:16:20,327 schema 163632 133621308559488 CREATE INDEX "analyzer_appiumtestresult_app_id_d0a8a1a0" ON "analyzer_appiumtestresult" ("app_id"); (params ())
DEBUG 2026-07-14 09:16:20,330 schema 163632 133621308559488 CREATE TABLE "new__analyzer_appiumtestresult" ("id" integer NOT NULL PRIMARY KEY AUTOINCREMENT, "ui_hierarchy" text NOT NULL, "screen_changed" bool NOT NULL, "initial_screenshot" varchar(100) NOT NULL, "subsequent_screenshot" varchar(100) NOT NULL, "created_at" datetime NOT NULL, "app_id" bigint NOT NULL REFERENCES "analyzer_app" ("id") DEFERRABLE INITIALLY DEFERRED, "log" text NOT NULL); (params None)
DEBUG 2026-07-14 09:16:20,330 schema 163632 133621308559488 INSERT INTO "new__analyzer_appiumtestresult" ("id", "ui_hierarchy", "screen_changed", "initial_screenshot", "subsequent_screenshot", "created_at", "app_id", "log") SELECT "id", "ui_hierarchy", "screen_changed", "initial_screenshot", "subsequent_screenshot", "created_at", "app_id", '' FROM "analyzer_appiumtestresult"; (params ())
DEBUG 2026-07-14 09:16:20,330 schema 163632 133621308559488 DROP TABLE "analyzer_appiumtestresult"; (params ())
DEBUG 2026-07-14 09:16:20,330 schema 163632 133621308559488 ALTER TABLE "new__analyzer_appiumtestresult" RENAME TO "analyzer_appiumtestresult"; (params ())
DEBUG 2026-07-14 09:16:20,330 schema 163632 133621308559488 CREATE INDEX "analyzer_appiumtestresult_app_id_d0a8a1a0" ON "analyzer_appiumtestresult" ("app_id"); (params ())
DEBUG 2026-07-14 09:16:20,334 schema 163632 133621308559488 CREATE TABLE "new__django_content_type" ("id" integer NOT NULL PRIMARY KEY AUTOINCREMENT, "app_label" varchar(100) NOT NULL, "model" varchar(100) NOT NULL, "name" varchar(100) NULL); (params None)
DEBUG 2026-07-14 09:16:20,334 schema 163632 133621308559488 INSERT INTO "new__django_content_type" ("id", "app_label", "model", "name") SELECT "id", "app_label", "model", "name" FROM "django_content_type"; (params ())
DEBUG 2026-07-14 09:16:20,334 schema 163632 133621308559488 DROP TABLE "django_content_type"; (params ())
DEBUG 2026-07-14 09:16:20,334 schema 163632 133621308559488 ALTER TABLE "new__django_content_type" RENAME TO "django_content_type"; (params ())
DEBUG 2026-07-14 09:16:20,335 schema 163632 133621308559488 CREATE UNIQUE INDEX "django_content_type_app_label_model_76bd3d3b_uniq" ON "django_content_type" ("app_label", "model"); (params ())
DEBUG 2026-07-14 09:16:20,341 schema 163632 133621308559488 ALTER TABLE "django_content_type" DROP COLUMN "name"; (params ())
DEBUG 2026-07-14 09:16:20,348 schema 163632 133621308559488 CREATE TABLE "new__auth_permission" ("id" integer NOT NULL PRIMARY KEY AUTOINCREMENT, "content_type_id" integer NOT NULL REFERENCES "django_content_type" ("id") DEFERRABLE INITIALLY DEFERRED, "codename" varchar(100) NOT NULL, "name" varchar(255) NOT NULL); (params None)
DEBUG 2026-07-14 09:16:20,348 schema 163632 133621308559488 INSERT INTO "new__auth_permission" ("id", "content_type_id", "codename", "name") SELECT "id", "content_type_id", "codename", "name" FROM "auth_permission"; (params ())
DEBUG 2026-07-14 09:16:20,348 schema 163632 133621308559488 DROP TABLE "auth_permission"; (params ())
DEBUG 2026-07-14 09:16:20,348 schema 163632 133621308559488 ALTER TABLE "new__auth_permission" RENAME TO "auth_permission"; (params ())
DEBUG 2026-07-14 09:16:20,349 schema 163632 133621308559488 CREATE UNIQUE INDEX "auth_permission_content_type_id_codename_01ab375a_uniq" ON "auth_permission" ("content_type_id", "codename"); (params ())
DEBUG 2026-07-14 09:16:20,349 schema 163632 133621308559488 CREATE INDEX "auth_permission_content_type_id_2f476e4b" ON "auth_permission" ("content_type_id"); (params ())
DEBUG 2026-07-14 09:16:20,353 schema 163632 133621308559488 CREATE TABLE "new__auth_user" ("id" integer NOT NULL PRIMARY KEY AUTOINCREMENT, "password" varchar(128) NOT NULL, "last_login" datetime NOT NULL, "is_superuser" bool NOT NULL, "username" varchar(30) NOT NULL UNIQUE, "first_name" varchar(30) NOT NULL, "last_name" varchar(30) NOT NULL, "is_staff" bool NOT NULL, "is_active" bool NOT NULL, "date_joined" datetime NOT NULL, "email" varchar(254) NOT NULL); (params None)
DEBUG 2026-07-14 09:16:20,353 schema 163632 133621308559488 INSERT INTO "new__auth_user" ("id", "password", "last_login", "is_superuser", "username", "first_name", "last_name", "is_staff", "is_active", "date_joined", "email") SELECT "id", "password", "last_login", "is_superuser", "username", "first_name", "last_name", "is_staff", "is_active", "date_joined", "email" FROM "auth_user"; (params ())
DEBUG 2026-07-14 09:16:20,354 schema 163632 133621308559488 DROP TABLE "auth_user"; (params ())
DEBUG 2026-07-14 09:16:20,354 schema 163632 133621308559488 ALTER TABLE "new__auth_user" RENAME TO "auth_user"; (params ())
DEBUG 2026-07-14 09:16:20,362 schema 163632 133621308559488 CREATE TABLE "new__auth_user" ("id" integer NOT NULL PRIMARY KEY AUTOINCREMENT, "password" varchar(128) NOT NULL, "is_superuser" bool NOT NULL, "username" varchar(30) NOT NULL UNIQUE, "first_name" varchar(30) NOT NULL, "last_name" varchar(30) NOT NULL, "email" varchar(254) NOT NULL, "is_staff" bool NOT NULL, "is_active" bool NOT NULL, "date_joined" datetime NOT NULL, "last_login" datetime NULL); (params None)
DEBUG 2026-07-14 09:16:20,362 schema 163632 133621308559488 INSERT INTO "new__auth_user" ("id", "password", "is_superuser", "username", "first_name", "last_name", "email", "is_staff", "is_active", "date_joined", "last_login") SELECT "id", "password", "is_superuser", "username", "first_name", "last_name", "email", "is_staff", "is_active", "date_joined", "last_login" FROM "auth_user"; (params ())
DEBUG 2026-07-14 09:16:20,362 schema 163632 133621308559488 DROP TABLE "auth_user"; (params ())
DEBUG 2026-07-14 09:16:20,362 schema 163632 133621308559488 ALTER TABLE "new__auth_user" RENAME TO "auth_user"; (params ())
DEBUG 2026-07-14 09:16:20,371 schema 163632 133621308559488 CREATE TABLE "new__auth_user" ("id" integer NOT NULL PRIMARY KEY AUTOINCREMENT, "password" varchar(128) NOT NULL, "last_login" datetime NULL, "is_superuser" bool NOT NULL, "first_name" varchar(30) NOT NULL, "last_name" varchar(30) NOT NULL, "email" varchar(254) NOT NULL, "is_staff" bool NOT NULL, "is_active" bool NOT NULL, "date_joined" datetime NOT NULL, "username" varchar(150) NOT NULL UNIQUE); (params None)
DEBUG 2026-07-14 09:16:20,371 schema 163632 133621308559488 INSERT INTO "new__auth_user" ("id", "password", "last_login", "is_superuser", "first_name", "last_name", "email", "is_staff", "is_active", "date_joined", "username") SELECT "id", "password", "last_login", "is_superuser", "first_name", "last_name", "email", "is_staff", "is_active", "date_joined", "username" FROM "auth_user"; (params ())
DEBUG 2026-07-14 09:16:20,371 schema 163632 133621308559488 DROP TABLE "auth_user"; (params ())
DEBUG 2026-07-14 09:16:20,371 schema 163632 133621308559488 ALTER TABLE "new__auth_user" RENAME TO "auth_user"; (params ())
DEBUG 2026-07-14 09:16:20,376 schema 163632 133621308559488 CREATE TABLE "new__auth_user" ("id" integer NOT NULL PRIMARY KEY AUTOINCREMENT, "password" varchar(128) NOT NULL, "last_login" datetime NULL, "is_superuser" bool NOT NULL, "username" varchar(150) NOT NULL UNIQUE, "first_name" varchar(30) NOT NULL, "email" varchar(254) NOT NULL, "is_staff" bool NOT NULL, "is_active" bool NOT NULL, "date_joined" datetime NOT NULL, "last_name" varchar(150) NOT NULL); (params None)
DEBUG 2026-07-14 09:16:20,376 schema 163632 133621308559488 INSERT INTO "new__auth_user" ("id", "password", "last_login", "is_superuser", "username", "first_name", "email", "is_staff", "is_active", "date_joined", "last_name") SELECT "id", "password", "last_login", "is_superuser", "username", "first_name", "email", "is_staff", "is_active", "date_joined", "last_name" FROM "auth_user"; (params ())
DEBUG 2026-07-14 09:16:20,376 schema 163632 133621308559488 DROP TABLE "auth_user"; (params ())
DEBUG 2026-07-14 09:16:20,376 schema 163632 133621308559488 ALTER TABLE "new__auth_user" RENAME TO "auth_user"; (params ())
DEBUG 2026-07-14 09:16:20,380 schema 163632 133621308559488 CREATE TABLE "new__auth_group" ("id" integer NOT NULL PRIMARY KEY AUTOINCREMENT, "name" varchar(150) NOT NULL UNIQUE); (params None)
DEBUG 2026-07-14 09:16:20,381 schema 163632 133621308559488 INSERT INTO "new__auth_group" ("id", "name") SELECT "id", "name" FROM "auth_group"; (params ())
DEBUG 2026-07-14 09:16:20,381 schema 163632 133621308559488 DROP TABLE "auth_group"; (params ())
DEBUG 2026-07-14 09:16:20,381 schema 163632 133621308559488 ALTER TABLE "new__auth_group" RENAME TO "auth_group"; (params ())
DEBUG 2026-07-14 09:16:20,389 schema 163632 133621308559488 CREATE TABLE "new__auth_user" ("id" integer NOT NULL PRIMARY KEY AUTOINCREMENT, "password" varchar(128) NOT NULL, "last_login" datetime NULL, "is_superuser" bool NOT NULL, "username" varchar(150) NOT NULL UNIQUE, "last_name" varchar(150) NOT NULL, "email" varchar(254) NOT NULL, "is_staff" bool NOT NULL, "is_active" bool NOT NULL, "date_joined" datetime NOT NULL, "first_name" varchar(150) NOT NULL); (params None)
DEBUG 2026-07-14 09:16:20,389 schema 163632 133621308559488 INSERT INTO "new__auth_user" ("id", "password", "last_login", "is_superuser", "username", "last_name", "email", "is_staff", "is_active", "date_joined", "first_name") SELECT "id", "password", "last_login", "is_superuser", "username", "last_name", "email", "is_staff", "is_active", "date_joined", "first_name" FROM "auth_user"; (params ())
DEBUG 2026-07-14 09:16:20,389 schema 163632 133621308559488 DROP TABLE "auth_user"; (params ())
DEBUG 2026-07-14 09:16:20,389 schema 163632 133621308559488 ALTER TABLE "new__auth_user" RENAME TO "auth_user"; (params ())
DEBUG 2026-07-14 09:16:20,391 schema 163632 133621308559488 CREATE TABLE "django_session" ("session_key" varchar(40) NOT NULL PRIMARY KEY, "session_data" text NOT NULL, "expire_date" datetime NOT NULL); (params None)
DEBUG 2026-07-14 09:16:20,391 schema 163632 133621308559488 CREATE INDEX "django_session_expire_date_a5c62663" ON "django_session" ("expire_date"); (params ())
WARNING 2026-07-14 09:16:21,550 log 163632 133621308559488 Not Found: /app/1/
WARNING 2026-07-14 09:16:21,562 log 163632 133621308559488 Not Found: /delete_item/1/
WARNING 2026-07-14 09:16:21,567 log 163632 133621308559488 Not Found: /edit_item/1/
WARNING 2026-07-14 09:16:21,576 log 163632 133621308559488 Method Not Allowed: /run-appium-test/
DEBUG 2026-07-14 09:17:30,359 schema 164632 139040386556032 CREATE TABLE "django_migrations" ("id" integer NOT NULL PRIMARY KEY AUTOINCREMENT, "app" varchar(255) NOT NULL, "name" varchar(255) NOT NULL, "applied" datetime NOT NULL); (params None)
DEBUG 2026-07-14 09:17:30,361 schema 164632 139040386556032 CREATE TABLE "django_content_type" ("id" integer NOT NULL PRIMARY KEY AUTOINCREMENT, "name" varchar(100) NOT NULL, "app_label" varchar(100) NOT NULL, "model" varchar(100) NOT NULL); (params None)
DEBUG 2026-07-14 09:17:30,362 schema 164632 139040386556032 CREATE UNIQUE INDEX "django_content_type_app_label_model_76bd3d3b_uniq" ON "django_content_type" ("app_label", "model"); (params ())
DEBUG 2026-07-14 09:17:30,363 schema 164632 139040386556032 CREATE TABLE "auth_permission" ("id" integer NOT NULL PRIMARY KEY AUTOINCREMENT, "name" varchar(50) NOT NULL, "content_type_id" integer NOT NULL REFERENCES "django_content_type" ("id") DEFERRABLE INITIALLY DEFERRED, "codename" varchar(100) NOT NULL); (params None)
DEBUG 2026-07-14 09:17:30,365 schema 164632 139040386556032 CREATE TABLE "auth_group" ("id" integer NOT NULL PRIMARY KEY AUTOINCREMENT, "name" varchar(80) NOT NULL UNIQUE); (params None)
DEBUG 2026-07-14 09:17:30,365 schema 164632 139040386556032 CREATE TABLE "auth_group_permissions" ("id" integer NOT NULL PRIMARY KEY AUTOINCREMENT, "group_id" integer NOT NULL REFERENCES "auth_group" ("id") DEFERRABLE INITIALLY DEFERRED, "permission_id" integer NOT NULL REFERENCES "auth_permission" ("id") DEFERRABLE INITIALLY DEFERRED); (params None)
DEBUG 2026-07-14 09:17:30,369 schema 164632 139040386556032 CREATE TABLE "auth_user" ("id" integer NOT NULL PRIMARY KEY AUTOINCREMENT, "password" varchar(128) NOT NULL, "last_login" datetime NOT NULL, "is_superuser" bool NOT NULL, "username" varchar(30) NOT NULL UNIQUE, "first_name" varchar(30) NOT NULL, "last_name" varchar(30) NOT NULL, "email" varchar(75) NOT NULL, "is_staff" bool NOT NULL, "is_active" bool NOT NULL, "date_joined" datetime NOT NULL); (params None)
DEBUG 2026-07-14 09:17:30,369 schema 164632 139040386556032 CREATE TABLE "auth_user_groups" ("id" integer NOT NULL PRIMARY KEY AUTOINCREMENT, "user_id" integer NOT NULL REFERENCES "auth_user" ("id") DEFERRABLE INITIALLY DEFERRED, "group_id" integer NOT NULL REFERENCES "auth_group" ("id") DEFERRABLE INITIALLY DEFERRED); (params None)
DEBUG 2026-07-14 09:17:30,369 schema 164632 139040386556032 CREATE TABLE "auth_user_user_permissions" ("id" integer NOT NULL PRIMARY KEY AUTOINCREMENT, "user_id" integer NOT NULL REFERENCES "auth_user" ("id") DEFERRABLE INITIALLY DEFERRED, "permission_id" integer NOT NULL REFERENCES "auth_permission" ("id") DEFERRABLE INITIALLY DEFERRED); (params None)
DEBUG 2026-07-14 09:17:30,370 schema 164632 139040386556032 CREATE UNIQUE INDEX "auth_permission_content_type_id_codename_01ab375a_uniq" ON "auth_permission" ("content_type_id", "codename"); (params ())
DEBUG 2026-07-14 09:17:30,370 schema 164632 139040386556032 CREATE INDEX "auth_permission_content_type_id_2f476e4b" ON "auth_permission" ("content_type_id"); (params ())
DEBUG 2026-07-14 09:17:30,370 schema 164632 139040386556032 CREATE UNIQUE INDEX "auth_group_permissions_group_id_permission_id_0cd325b0_uniq" ON "auth_group_permissions" ("group_id", "permission_id"); (params ())
DEBUG 2026-07-14 09:17:30,370 schema 164632 139040386556032 CREATE INDEX "auth_group_permissions_group_id_b120cbf9" ON "auth_group_permissions" ("group_id"); (params ())
DEBUG 2026-07-14 09:17:30,370 schema 164632 139040386556032 CREATE INDEX "auth_group_permissions_permission_id_84c5c92e" ON "auth_group_permissions" ("permission_id"); (params ())
DEBUG 2026-07-14 09:17:30,370 schema 164632 139040386556032 CREATE UNIQUE INDEX "auth_user_groups_user_id_group_id_94350c0c_uniq" ON "auth_user_groups" ("user_id", "group_id"); (params ())
DEBUG 2026-07-14 09:17:30,370 schema 164632 139040386556032 CREATE INDEX "auth_user_groups_user_id_6a12ed8b" ON "auth_user_groups" ("user_id"); (params ())
DEBUG 2026-07-14 09:17:30,371 schema 164632 139040386556032 CREATE INDEX "auth_user_groups_group_id_97559544" ON "auth_user_groups" ("group_id"); (params ())
DEBUG 2026-07-14 09:17:30,371 schema 164632 139040386556032 CREATE UNIQUE INDEX "auth_user_user_permissions_user_id_permission_id_14a6b632_uniq" ON "auth_user_user_permissions" ("user_id", "permission_id"); (params ())
DEBUG 2026-07-14 09:17:30,371 schema 164632 139040386556032 CREATE INDEX "auth_user_user_permissions_user_id_a95ead1b" ON "auth_user_user_permissions" ("user_id"); (params ())
DEBUG 2026-07-14 09:17:30,371 schema 164632 139040386556032 CREATE INDEX "auth_user_user_permissions_permission_id_1fbb5f2c" ON "auth_user_user_permissions" ("permission_id"); (params ())
DEBUG 2026-07-14 09:17:30,374 schema 164632 139040386556032 CREATE TABLE "django_admin_log" ("id" integer NOT NULL PRIMARY KEY AUTOINCREMENT, "action_time" datetime NOT NULL, "object_id" text NULL, "object_repr" varchar(200) NOT NULL, "action_flag" smallint unsigned NOT NULL CHECK ("action_flag" >= 0), "change_message" text NOT NULL, "content_type_id" integer NULL REFERENCES "django_content_type" ("id") DEFERRABLE INITIALLY DEFERRED, "user_id" integer NOT NULL REFERENCES "auth_user" ("id") DEFERRABLE INITIALLY DEFERRED); (params None)
DEBUG 2026-07-14 09:17:30,374 schema 164632 139040386556032 CREATE INDEX "django_admin_log_content_type_id_c4bce8eb" ON "django_admin_log" ("content_type_id"); (params ())
DEBUG 2026-07-14 09:17:30,374 schema 164632 139040386556032 CREATE INDEX "django_admin_log_user_id_c564eba6" ON "django_admin_log" ("user_id"); (params ())
DEBUG 2026-07-14 09:17:30,378 schema 164632 139040386556032 CREATE TABLE "new__django_admin_log" ("id" integer NOT NULL PRIMARY KEY AUTOINCREMENT, "object_id" text NULL, "object_repr" varchar(200) NOT NULL, "action_flag" smallint unsigned NOT NULL CHECK ("action_flag" >= 0), "change_message" text NOT NULL, "content_type_id" integer NULL REFERENCES "django_content_type" ("id") DEFERRABLE INITIALLY DEFERRED, "user_id" integer NOT NULL REFERENCES "auth_user" ("id") DEFERRABLE INITIALLY DEFERRED, "action_time" datetime NOT NULL); (params None)
DEBUG 2026-07-14 09:17:30,378 schema 164632 139040386556032 INSERT INTO "new__django_admin_log" ("id", "object_id", "object_repr", "action_flag", "change_message", "content_type_id", "user_id", "action_time") SELECT "id", "object_id", "object_repr", "action_flag", "change_message", "content_type_id", "user_id", "action_time" FROM "django_admin_log"; (params ())
DEBUG 2026-07-14 09:17:30,378 schema 164632 139040386556032 DROP TABLE "django_admin_log"; (params ())
DEBUG 2026-07-14 09:17:30,379 schema 164632 139040386556032 ALTER TABLE "new__django_admin_log" RENAME TO "django_admin_log"; (params ())
DEBUG 2026-07-14 09:17:30,379 schema 164632 139040386556032 CREATE INDEX "django_admin_log_content_type_id_c4bce8eb" ON "django_admin_log" ("content_type_id"); (params ())
DEBUG 2026-07-14 09:17:30,379 schema 164632 139040386556032 CREATE INDEX "django_admin_log_user_id_c564eba6" ON "django_admin_log" ("user_id"); (params ())
DEBUG 2026-07-14 09:17:30,387 schema 164632 139040386556032 CREATE TABLE "analyzer_app" ("id" integer NOT NULL PRIMARY KEY AUTOINCREMENT, "name" varchar(255) NOT NULL, "apk_file_path" varchar(100) NOT NULL, "created_at" datetime NOT NULL, "updated_at" datetime NOT NULL, "uploaded_by_id" integer NOT NULL REFERENCES "auth_user" ("id") DEFERRABLE INITIALLY DEFERRED); (params None)
DEBUG 2026-07-14 09:17:30,387 schema 164632 139040386556032 CREATE INDEX "analyzer_app_uploaded_by_id_91306172" ON "analyzer_app" ("uploaded_by_id"); (params ())
DEBUG 2026-07-14 09:17:30,391 schema 164632 139040386556032 CREATE TABLE "new__analyzer_app" ("id" integer NOT NULL PRIMARY KEY AUTOINCREMENT, "name" varchar(255) NOT NULL, "created_at" datetime NOT NULL, "updated_at" datetime NOT NULL, "uploaded_by_id" integer NOT NULL REFERENCES "auth_user" ("id") DEFERRABLE INITIALLY DEFERRED, "apk_file_path" varchar(100) NULL); (params None)
DEBUG 2026-07-14 09:17:30,391 schema 164632 139040386556032 INSERT INTO "new__analyzer_app" ("id", "name", "created_at", "updated_at", "uploaded_by_id", "apk_file_path") SELECT "id", "name", "created_at", "updated_at", "uploaded_by_id", "apk_file_path" FROM "analyzer_app"; (params ())
DEBUG 2026-07-14 09:17:30,391 schema 164632 139040386556032 DROP TABLE "analyzer_app"; (params ())
DEBUG 2026-07-14 09:17:30,391 schema 164632 139040386556032 ALTER TABLE "new__analyzer_app" RENAME TO "analyzer_app"; (params ())
DEBUG 2026-07-14 09:17:30,392 schema 164632 139040386556032 CREATE INDEX "analyzer_app_uploaded_by_id_91306172" ON "analyzer_app" ("uploaded_by_id"); (params ())
DEBUG 2026-07-14 09:17:30,396 schema 164632 139040386556032 CREATE TABLE "new__analyzer_app" ("id" integer NOT NULL PRIMARY KEY AUTOINCREMENT, "apk_file_path" varchar(100) NULL, "created_at" datetime NOT NULL, "updated_at" datetime NOT NULL, "uploaded_by_id" integer NOT NULL REFERENCES "auth_user" ("id") DEFERRABLE INITIALLY DEFERRED, "name" varchar(100) NOT NULL); (params None)
DEBUG 2026-07-14 09:17:30,396 schema 164632 139040386556032 INSERT INTO "new__analyzer_app" ("id", "apk_file_path", "created_at", "updated_at", "uploaded_by_id", "name") SELECT "id", "apk_file_path", "created_at", "updated_at", "uploaded_by_id", "name" FROM "analyzer_app"; (params ())
DEBUG 2026-07-14 09:17:30,396 schema 164632 139040386556032 DROP TABLE "analyzer_app"; (params ())
DEBUG 2026-07-14 09:17:30,396 schema 164632 139040386556032 ALTER TABLE "new__analyzer_app" RENAME TO "analyzer_app"; (params ())
DEBUG 2026-07-14 09:17:30,396 schema 164632 139040386556032 CREATE INDEX "analyzer_app_uploaded_by_id_91306172" ON "analyzer_app" ("uploaded_by_id"); (params ())
DEBUG 2026-07-14 09:17:30,400 schema 164632 139040386556032 ALTER TABLE "analyzer_app" ADD COLUMN "first_screen_screenshot_path" varchar(100) NULL; (params [])
DEBUG 2026-07-14 09:17:30,404 schema 164632 139040386556032 CREATE TABLE "new__analyzer_app" ("id" integer NOT NULL PRIMARY KEY AUTOINCREMENT, "name" varchar(100) NOT NULL, "apk_file_path" varchar(100) NULL, "created_at" datetime NOT NULL, "updated_at" datetime NOT NULL, "uploaded_by_id" integer NOT NULL REFERENCES "auth_user" ("id") DEFERRABLE INITIALLY DEFERRED, "first_screen_screenshot_path" varchar(100) NULL, "screen_changed" bool NOT NULL); (params None)
DEBUG 2026-07-14 09:17:30,404 schema 164632 139040386556032 INSERT INTO "new__analyzer_app" ("id", "name", "apk_file_path", "created_at", "updated_at", "uploaded_by_id", "first_screen_screenshot_path", "screen_changed") SELECT "id", "name", "apk_file_path", "created_at", "updated_at", "uploaded_by_id", "first_screen_screenshot_path", 0 FROM "analyzer_app"; (params ())
DEBUG 2026-07-14 09:17:30,405 schema 164632 139040386556032 DROP TABLE "analyzer_app"; (params ())
DEBUG 2026-07-14 09:17:30,405 schema 164632 139040386556032 ALTER TABLE "new__analyzer_app" RENAME TO "analyzer_app"; (params ())
DEBUG 2026-07-14 09:17:30,405 schema 164632 139040386556032 CREATE INDEX "analyzer_app_uploaded_by_id_91306172" ON "analyzer_app" ("uploaded_by_id"); (params ())
DEBUG 2026-07-14 09:17:30,408 schema 164632 139040386556032 ALTER TABLE "analyzer_app" ADD COLUMN "second_screen_screenshot_path" varchar(100) NULL; (params [])
DEBUG 2026-07-14 09:17:30,411 schema 164632 139040386556032 ALTER TABLE "analyzer_app" ADD COLUMN "ui_hierarchy" text NULL; (params [])
DEBUG 2026-07-14 09:17:30,415 schema 164632 139040386556032 ALTER TABLE "analyzer_app" ADD COLUMN "video_recording_path" varchar(100) NULL; (params [])
DEBUG 2026-07-14 09:17:30,420 schema 164632 139040386556032 CREATE TABLE "analyzer_appiumtestresult" ("id" integer NOT NULL PRIMARY KEY AUTOINCREMENT, "ui_hierarchy" text NOT NULL, "screen_changed" bool NOT NULL, "initial_screenshot" varchar(100) NOT NULL, "subsequent_screenshot" varchar(100) NOT NULL, "created_at" datetime NOT NULL, "app_id" bigint NOT NULL REFERENCES "analyzer_app" ("id") DEFERRABLE INITIALLY DEFERRED); (params None)
DEBUG 2026-07-14 09:17:30,421 schema 164632 139040386556032 CREATE INDEX "analyzer_appiumtestresult_app_id_d0a8a1a0" ON "analyzer_appiumtestresult" ("app_id"); (params ())
DEBUG 2026-07-14 09:17:30,424 schema 164632 139040386556032 CREATE TABLE "new__analyzer_appiumtestresult" ("id" integer NOT NULL PRIMARY KEY AUTOINCREMENT, "ui_hierarchy" text NOT NULL, "screen_changed" bool NOT NULL, "initial_screenshot" varchar(100) NOT NULL, "subsequent_screenshot" varchar(100) NOT NULL, "created_at" datetime NOT NULL, "app_id" bigint NOT NULL REFERENCES "analyzer_app" ("id") DEFERRABLE INITIALLY DEFERRED, "log" text NOT NULL); (params None)
DEBUG 2026-07-14 09:17:30,424 schema 164632 139040386556032 INSERT INTO "new__analyzer_appiumtestresult" ("id", "ui_hierarchy", "screen_changed", "initial_screenshot", "subsequent_screenshot", "created_at", "app_id", "log") SELECT "id", "ui_hierarchy", "screen_changed", "initial_screenshot", "subsequent_screenshot", "created_at", "app_id", '' FROM "analyzer_appiumtestresult"; (params ())
DEBUG 2026-07-14 09:17:30,424 schema 164632 139040386556032 DROP TABLE "analyzer_appiumtestresult"; (params ())
DEBUG 2026-07-14 09:17:30,424 schema 164632 139040386556032 ALTER TABLE "new__analyzer_appiumtestresult" RENAME TO "analyzer_appiumtestresult"; (params ())
DEBUG 2026-07-14 09:17:30,425 schema 164632 139040386556032 CREATE INDEX "analyzer_appiumtestresult_app_id_d0a8a1a0" ON "analyzer_appiumtestresult" ("app_id"); (params ())
DEBUG 2026-07-14 09:17:30,429 schema 164632 139040386556032 CREATE TABLE "new__django_content_type" ("id" integer NOT NULL PRIMARY KEY AUTOINCREMENT, "app_label" varchar(100) NOT NULL, "model" varchar(100) NOT NULL, "name" varchar(100) NULL); (params None)
DEBUG 2026-07-14 09:17:30,430 schema 164632 139040386556032 INSERT INTO "new__django_content_type" ("id", "app_label", "model", "name") SELECT "id", "app_label", "model", "name" FROM "django_content_type"; (params ())
DEBUG 2026-07-14 09:17:30,430 schema 164632 139040386556032 DROP TABLE "django_content_type"; (params ())
DEBUG 2026-07-14 09:17:30,430 schema 164632 139040386556032 ALTER TABLE "new__django_content_type" RENAME TO "django_content_type"; (params ())
DEBUG 2026-07-14 09:17:30,430 schema 164632 139040386556032 CREATE UNIQUE INDEX "django_content_type_app_label_model_76bd3d3b_uniq" ON "django_content_type" ("app_label", "model"); (params ())
DEBUG 2026-07-14 09:17:30,436 schema 164632 139040386556032 ALTER TABLE "django_content_type" DROP COLUMN "name"; (params ())
DEBUG 2026-07-14 09:17:30,441 schema 164632 139040386556032 CREATE TABLE "new__auth_permission" ("id" integer NOT NULL PRIMARY KEY AUTOINCREMENT, "content_type_id" integer NOT NULL REFERENCES "django_content_type" ("id") DEFERRABLE INITIALLY DEFERRED, "codename" varchar(100) NOT NULL, "name" varchar(255) NOT NULL); (params None)
DEBUG 2026-07-14 09:17:30,441 schema 164632 139040386556032 INSERT INTO "new__auth_permission" ("id", "content_type_id", "codename", "name") SELECT "id", "content_type_id", "codename", "name" FROM "auth_permission"; (params ())
DEBUG 2026-07-14 09:17:30,441 schema 164632 139040386556032 DROP TABLE "auth_permission"; (params ())
DEBUG 2026-07-14 09:17:30,441 schema 164632 139040386556032 ALTER TABLE "new__auth_permission" RENAME TO "auth_permission"; (params ())
DEBUG 2026-07-14 09:17:30,441 schema 164632 139040386556032 CREATE UNIQUE INDEX "auth_permission_content_type_id_codename_01ab375a_uniq" ON "auth_permission" ("content_type_id", "codename"); (params ())
DEBUG 2026-07-14 09:17:30,442 schema 164632 139040386556032 CREATE INDEX "auth_permission_content_type_id_2f476e4b" ON "auth_permission" ("content_type_id"); (params ())
DEBUG 2026-07-14 09:17:30,446 schema 164632 139040386556032 CREATE TABLE "new__auth_user" ("id" integer NOT NULL PRIMARY KEY AUTOINCREMENT, "password" varchar(128) NOT NULL, "last_login" datetime NOT NULL, "is_superuser" bool NOT NULL, "username" varchar(30) NOT NULL UNIQUE, "first_name" varchar(30) NOT NULL, "last_name" varchar(30) NOT NULL, "is_staff" bool NOT NULL, "is_active" bool NOT NULL, "date_joined" datetime NOT NULL, "email" varchar(254) NOT NULL); (params None)
DEBUG 2026-07-14 09:17:30,446 schema 164632 139040386556032 INSERT INTO "new__auth_user" ("id", "password", "last_login", "is_superuser", "username", "first_name", "last_name", "is_staff", "is_active", "date_joined", "email") SELECT "id", "password", "last_login", "is_superuser", "username", "first_name", "last_name", "is_staff", "is_active", "date_joined", "email" FROM "auth_user"; (params ())
DEBUG 2026-07-14 09:17:30,447 schema 164632 139040386556032 DROP TABLE "auth_user"; (params ())
DEBUG 2026-07-14 09:17:30,447 schema 164632 139040386556032 ALTER TABLE "new__auth_user" RENAME TO "auth_user"; (params ())
DEBUG 2026-07-14 09:17:30,456 schema 164632 139040386556032 CREATE TABLE "new__auth_user" ("id" integer NOT NULL PRIMARY KEY AUTOINCREMENT, "password" varchar(128) NOT NULL, "is_superuser" bool NOT NULL, "username" varchar(30) NOT NULL UNIQUE, "first_name" varchar(30) NOT NULL, "last_name" varchar(30) NOT NULL, "email" varchar(254) NOT NULL, "is_staff" bool NOT NULL, "is_active" bool NOT NULL, "date_joined" datetime NOT NULL, "last_login" datetime NULL); (params None)
DEBUG 2026-07-14 09:17:30,456 schema 164632 139040386556032 INSERT INTO "new__auth_user" ("id", "password", "is_superuser", "username", "first_name", "last_name", "email", "is_staff", "is_active", "date_joined", "last_login") SELECT "id", "password", "is_superuser", "username", "first_name", "last_name", "email", "is_staff", "is_active", "date_joined", "last_login" FROM "auth_user"; (params ())
DEBUG 2026-07-14 09:17:30,456 schema 164632 139040386556032 DROP TABLE "auth_user"; (params ())
DEBUG 2026-07-14 09:17:30,456 schema 164632 139040386556032 ALTER TABLE "new__auth_user" RENAME TO "auth_user"; (params ())
DEBUG 2026-07-14 09:17:30,466 schema 164632 139040386556032 CREATE TABLE "new__auth_user" ("id" integer NOT NULL PRIMARY KEY AUTOINCREMENT, "password" varchar(128) NOT NULL, "last_login" datetime NULL, "is_superuser" bool NOT NULL, "first_name" varchar(30) NOT NULL, "last_name" varchar(30) NOT NULL, "email" varchar(254) NOT NULL, "is_staff" bool NOT NULL, "is_active" bool NOT NULL, "date_joined" datetime NOT NULL, "username" varchar(150) NOT NULL UNIQUE); (params None)
DEBUG 2026-07-14 09:17:30,467 schema 164632 139040386556032 INSERT INTO "new__auth_user" ("id", "password", "last_login", "is_superuser", "first_name", "last_name", "email", "is_staff", "is_active", "date_joined", "username") SELECT "id", "password", "last_login", "is_superuser", "first_name", "last_name", "email", "is_staff", "is_active", "date_joined", "username" FROM "auth_user"; (params ())
DEBUG 2026-07-14 09:17:30,467 schema 164632 139040386556032 DROP TABLE "auth_user"; (params ())
DEBUG 2026-07-14 09:17:30,467 schema 164632 139040386556032 ALTER TABLE "new__auth_user" RENAME TO "auth_user"; (params ())
DEBUG 2026-07-14 09:17:30,472 schema 164632 139040386556032 CREATE TABLE "new__auth_user" ("id" integer NOT NULL PRIMARY KEY AUTOINCREMENT, "password" varchar(128) NOT NULL, "last_login" datetime NULL, "is_superuser" bool NOT NULL, "username" varchar(150) NOT NULL UNIQUE, "first_name" varchar(30) NOT NULL, "email" varchar(254) NOT NULL, "is_staff" bool NOT NULL, "is_active" bool NOT NULL, "date_joined" datetime NOT NULL, "last_name" varchar(150) NOT NULL); (params None)
DEBUG 2026-07-14 09:17:30,473 schema 164632 139040386556032 INSERT INTO "new__auth_user" ("id", "password", "last_login", "is_superuser", "username", "first_name", "email", "is_staff", "is_active", "date_joined", "last_name") SELECT "id", "password", "last_login", "is_superuser", "username", "first_name", "email", "is_staff", "is_active", "date_joined", "last_name" FROM "auth_user"; (params ())
DEBUG 2026-07-14 09:17:30,473 schema 164632 139040386556032 DROP TABLE "auth_user"; (params ())
DEBUG 2026-07-14 09:17:30,473 schema 164632 139040386556032 ALTER TABLE "new__auth_user" RENAME TO "auth_user"; (params ())
DEBUG 2026-07-14 09:17:30,478 schema 164632 139040386556032 CREATE TABLE "new__auth_group" ("id" integer NOT NULL PRIMARY KEY AUTOINCREMENT, "name" varchar(150) NOT NULL UNIQUE); (params None)
DEBUG 2026-07-14 09:17:30,478 schema 164632 139040386556032 INSERT INTO "new__auth_group" ("id", "name") SELECT "id", "name" FROM "auth_group"; (params ())
DEBUG 2026-07-14 09:17:30,479 schema 164632 139040386556032 DROP TABLE "auth_group"; (params ())
DEBUG 2026-07-14 09:17:30,479 schema 164632 139040386556032 ALTER TABLE "new__auth_group" RENAME TO "auth_group"; (params ())
DEBUG 2026-07-14 09:17:30,488 schema 164632 139040386556032 CREATE TABLE "new__auth_user" ("id" integer NOT NULL PRIMARY KEY AUTOINCREMENT, "password" varchar(128) NOT NULL, "last_login" datetime NULL, "is_superuser" bool NOT NULL, "username" varchar(150) NOT NULL UNIQUE, "last_name" varchar(150) NOT NULL, "email" varchar(254) NOT NULL, "is_staff" bool NOT NULL, "is_active" bool NOT NULL, "date_joined" datetime NOT NULL, "first_name" varchar(150) NOT NULL); (params None)
DEBUG 2026-07-14 09:17:30,488 schema 164632 139040386556032 INSERT INTO "new__auth_user" ("id", "password", "last_login", "is_superuser", "username", "last_name", "email", "is_staff", "is_active", "date_joined", "first_name") SELECT "id", "password", "last_login", "is_superuser", "username", "last_name", "email", "is_staff", "is_active", "date_joined", "first_name" FROM "auth_user"; (params ())
DEBUG 2026-07-14 09:17:30,488 schema 164632 139040386556032 DROP TABLE "auth_user"; (params ())
DEBUG 2026-07-14 09:17:30,489 schema 164632 139040386556032 ALTER TABLE "new__auth_user" RENAME TO "auth_user"; (params ())
DEBUG 2026-07-14 09:17:30,490 schema 164632 139040386556032 CREATE TABLE "django_session" ("session_key" varchar(40) NOT NULL PRIMARY KEY, "session_data" text NOT NULL, "expire_date" datetime NOT NULL); (params None)
DEBUG 2026-07-14 09:17:30,490 schema 164632 139040386556032 CREATE INDEX "django_session_expire_date_a5c62663" ON "django_session" ("expire_date"); (params ())
WARNING 2026-07-14 09:17:31,669 log 164632 139040386556032 Not Found: /app/1/
WARNING 2026-07-14 09:17:31,680 log 164632 139040386556032 Not Found: /delete_item/1/
WARNING 2026-07-14 09:17:31,687 log 164632 139040386556032 Not Found: /edit_item/1/
WARNING 2026-07-14 09:17:31,696 log 164632 139040386556032 Method Not Allowed: /run-appium-test/
